[2013-11-12 14:55:44] START
[2013-11-12 14:59:47] EDIT myblog/models/db.py: 10
[2013-11-12 15:00:11] EDIT myblog/models/db.py: 0
[2013-11-12 15:00:43] EDIT myblog/models/db.py: 0
[2013-11-12 15:02:41] EDIT myblog/models/db.py: 0
[2013-11-12 15:04:06] EDIT myblog/models/db.py: 0
[2013-11-12 15:05:52] EDIT myblog/models/db.py: 0
[2013-11-12 15:08:38] EDIT myblog/controllers/default.py: -47
[2013-11-12 15:08:51] EDIT myblog/controllers/default.py: 0
[2013-11-12 15:09:04] EDIT myblog/controllers/default.py: 0
[2013-11-12 15:11:32] EDIT myblog/views/default/index.html: -24
[2013-11-12 15:14:39] EDIT myblog/controllers/default.py: 1
[2013-11-12 15:19:41] EDIT myblog/controllers/default.py: 1
[2013-11-12 15:20:18] EDIT myblog/controllers/default.py: 0
[2013-11-12 15:20:25] EDIT myblog/controllers/default.py: 0
[2013-11-12 15:20:38] EDIT myblog/controllers/default.py: 0
[2013-11-12 15:21:20] EDIT myblog/controllers/default.py: 4
[2013-11-12 15:21:25] EDIT myblog/controllers/default.py: 0
[2013-11-12 15:21:28] EDIT myblog/controllers/default.py: -1
[2013-11-12 15:21:58] EDIT myblog/controllers/default.py: 0
[2013-11-12 15:22:05] EDIT myblog/controllers/default.py: -1
[2013-11-12 15:22:12] EDIT myblog/controllers/default.py: 0
[2013-11-12 15:22:20] EDIT myblog/controllers/default.py: 0
[2013-11-12 15:27:30] EDIT myblog/controllers/default.py: 0
[2013-11-12 15:45:19] EDIT myblog/controllers/default.py: 2
[2013-11-12 15:55:42] EDIT myblog/views/default/index.html: 0
[2013-11-12 15:55:49] EDIT myblog/views/default/index.html: 0
[2013-11-12 15:56:36] EDIT myblog/views/default/index.html: 5
[2013-11-12 16:09:30] EDIT myblog/views/default/index.html: 0
[2013-11-12 16:11:02] EDIT myblog/models/db.py: 0
[2013-11-12 16:11:33] EDIT myblog/controllers/default.py: 0
[2013-11-12 16:11:36] EDIT myblog/controllers/default.py: 0
[2013-11-12 16:11:53] EDIT myblog/controllers/default.py: 0
[2013-11-12 16:11:57] EDIT myblog/controllers/default.py: 0
[2013-11-12 16:12:26] EDIT myblog/controllers/default.py: 0
[2013-11-12 16:12:32] EDIT myblog/controllers/default.py: 0
[2013-11-12 16:12:43] EDIT myblog/views/default/index.html: 0
[2013-11-12 16:13:02] EDIT myblog/views/default/index.html: 0
[2013-11-12 16:13:06] EDIT myblog/views/default/index.html: 0
[2013-11-12 16:13:10] EDIT myblog/views/default/index.html: 0
[2013-11-12 16:13:19] EDIT myblog/views/default/index.html: 0
[2013-11-12 16:13:23] EDIT myblog/views/default/index.html: 0
[2013-11-12 16:14:03] EDIT myblog/views/layout.html: -94
[2013-11-12 16:14:50] EDIT myblog/views/layout.html: 0
[2013-11-12 16:15:03] EDIT myblog/views/layout.html: 0
[2013-11-12 16:17:02] EDIT myblog/views/layout.html: 0
[2013-11-12 16:17:05] EDIT myblog/views/layout.html: 0
[2013-11-12 16:17:11] EDIT myblog/views/layout.html: 0
[2013-11-12 16:17:59] EDIT myblog/views/default/index.html: 1
[2013-11-12 16:18:06] EDIT myblog/views/default/index.html: 0
[2013-11-12 16:18:34] EDIT myblog/views/default/index.html: 0
[2013-11-12 16:18:39] EDIT myblog/views/default/index.html: 0
[2013-11-12 16:18:49] EDIT myblog/views/layout.html: 0
[2013-11-12 16:19:20] EDIT myblog/views/layout.html: 0
[2013-11-12 16:19:37] EDIT myblog/views/layout.html: 0
[2013-11-12 16:21:49] EDIT myblog/views/layout.html: -32
[2013-11-12 16:21:58] EDIT myblog/views/layout.html: 0
[2013-11-12 16:22:09] EDIT myblog/views/layout.html: 0
[2013-11-12 16:22:16] EDIT myblog/views/default/index.html: 0
[2013-11-12 16:22:51] EDIT myblog/views/default/index.html: 0
[2013-11-13 09:58:31] EDIT myblog/views/layout.html: 7
[2013-11-13 09:59:21] EDIT myblog/views/layout.html: 0
[2013-11-13 09:59:24] EDIT myblog/views/layout.html: 0
[2013-11-13 09:59:25] EDIT myblog/views/layout.html: 0
[2013-11-13 09:59:26] EDIT myblog/views/layout.html: 0
[2013-11-13 09:59:53] EDIT myblog/views/layout.html: 0
[2013-11-13 09:59:56] EDIT myblog/views/layout.html: 0
[2013-11-13 10:01:42] EDIT myblog/views/layout.html: 0
[2013-11-13 10:01:43] EDIT myblog/views/layout.html: 0
[2013-11-13 10:01:48] EDIT myblog/views/layout.html: 0
[2013-11-13 10:03:38] EDIT myblog/views/layout.html: 0
[2013-11-13 10:03:44] EDIT myblog/views/layout.html: 0
[2013-11-13 10:04:04] EDIT myblog/views/layout.html: 0
[2013-11-13 10:04:44] EDIT myblog/views/layout.html: 0
[2013-11-13 10:04:54] EDIT myblog/views/layout.html: 0
[2013-11-13 10:04:56] EDIT myblog/views/layout.html: 0
[2013-11-13 10:05:14] EDIT myblog/views/layout.html: 0
[2013-11-13 10:05:23] EDIT myblog/views/layout.html: 0
[2013-11-13 10:06:41] EDIT myblog/controllers/default.py: 0
[2013-11-13 10:06:50] EDIT myblog/controllers/default.py: 0
[2013-11-13 10:06:52] EDIT myblog/controllers/default.py: 0
[2013-11-13 10:10:02] EDIT myblog/controllers/default.py: 0
[2013-11-13 10:12:58] CREATE default/new.html: 0
[2013-11-13 10:13:39] EDIT myblog/views/default/new.html: 0
[2013-11-13 10:13:54] EDIT myblog/controllers/default.py: 3
[2013-11-13 10:13:56] EDIT myblog/controllers/default.py: 0
[2013-11-13 10:14:06] EDIT myblog/controllers/default.py: 1
[2013-11-13 10:14:09] EDIT myblog/controllers/default.py: 0
[2013-11-13 10:15:01] EDIT myblog/controllers/default.py: -1
[2013-11-13 10:15:03] EDIT myblog/controllers/default.py: 0
[2013-11-13 10:15:03] EDIT myblog/controllers/default.py: 0
[2013-11-13 10:17:08] EDIT myblog/controllers/default.py: 0
[2013-11-13 10:18:26] EDIT myblog/models/db.py: 0
[2013-11-13 10:18:36] EDIT myblog/models/db.py: 0
[2013-11-13 10:20:39] EDIT myblog/views/default/index.html: 0
[2013-11-13 10:22:35] EDIT myblog/controllers/default.py: 1
[2013-11-13 10:22:35] EDIT myblog/controllers/default.py: 0
[2013-11-13 10:22:36] EDIT myblog/controllers/default.py: 0
[2013-11-13 10:22:36] EDIT myblog/controllers/default.py: 0
[2013-11-13 10:22:36] EDIT myblog/controllers/default.py: 0
[2013-11-13 10:22:36] EDIT myblog/controllers/default.py: 0
[2013-11-13 10:22:36] EDIT myblog/controllers/default.py: 0
[2013-11-13 10:22:37] EDIT myblog/controllers/default.py: 0
[2013-11-13 10:22:37] EDIT myblog/controllers/default.py: 0
[2013-11-13 10:23:19] EDIT myblog/controllers/default.py: 2
[2013-11-13 10:23:58] CREATE default/show.html: 0
[2013-11-13 10:24:18] EDIT myblog/views/default/show.html: 0
[2013-11-13 10:24:44] EDIT myblog/controllers/default.py: 0
[2013-11-13 10:24:45] EDIT myblog/controllers/default.py: 0
[2013-11-13 10:25:27] EDIT myblog/views/default/show.html: 5
[2013-12-19 11:33:31] EDIT myblog/views/default/show.html: 0
[2013-12-19 12:25:03] EDIT myblog/views/default/show.html: 3
[2013-12-19 12:25:46] EDIT myblog/controllers/default.py: 1
[2013-12-19 14:40:31] EDIT myblog/views/default/show.html: 5
[2013-12-19 14:43:49] EDIT myblog/views/default/show.html: 0
[2013-12-19 14:44:44] EDIT myblog/controllers/default.py: 0
[2013-12-19 14:44:46] EDIT myblog/controllers/default.py: 0
[2013-12-19 14:44:52] EDIT myblog/controllers/default.py: 0
[2013-12-19 14:44:52] EDIT myblog/controllers/default.py: 0
[2013-12-19 14:45:26] EDIT myblog/controllers/default.py: 0
[2013-12-19 14:46:38] EDIT myblog/controllers/default.py: 0
[2013-12-19 14:47:23] EDIT myblog/views/default/show.html: 0
[2013-12-19 14:49:51] EDIT myblog/controllers/default.py: 1
[2013-12-19 14:49:57] EDIT myblog/controllers/default.py: 0
[2013-12-19 14:49:59] EDIT myblog/controllers/default.py: 0
[2013-12-19 14:50:28] EDIT myblog/views/default/show.html: 0
[2013-12-19 14:50:29] EDIT myblog/views/default/show.html: 0
[2013-12-19 14:52:26] EDIT myblog/views/default/show.html: 7
[2013-12-19 14:52:29] EDIT myblog/views/default/show.html: 0
[2013-12-19 14:58:57] EDIT myblog/views/default/show.html: -3
[2013-12-19 14:59:18] EDIT myblog/controllers/default.py: 3
[2013-12-19 14:59:29] EDIT myblog/views/default/show.html: 0
[2013-12-19 15:00:43] EDIT myblog/views/default/show.html: 0
[2013-12-19 15:01:06] EDIT myblog/views/default/show.html: 0
[2013-12-19 15:01:47] EDIT myblog/controllers/default.py: 0
[2013-12-19 15:02:05] EDIT myblog/controllers/default.py: 0
[2013-12-19 15:02:30] EDIT myblog/controllers/default.py: 0
[2013-12-19 15:02:58] EDIT myblog/controllers/default.py: 0
[2013-12-19 15:03:32] EDIT myblog/views/default/show.html: 0
[2013-12-19 15:06:04] CREATE newComment.html: 0
[2013-12-19 15:06:14] CREATE default/newComment.html: 0
[2013-12-19 15:06:30] EDIT myblog/views/default/newComment.html: 17
[2013-12-19 15:06:55] EDIT myblog/views/default/newComment.html: -15
[2013-12-19 15:07:22] EDIT myblog/controllers/default.py: 0
[2013-12-19 15:07:51] EDIT myblog/controllers/default.py: 0
[2013-12-26 11:35:07] EDIT myblog/controllers/default.py: 1
[2013-12-26 11:39:44] EDIT myblog/controllers/default.py: 2
[2013-12-26 11:40:01] EDIT myblog/controllers/default.py: 0
[2013-12-26 11:40:08] EDIT myblog/controllers/default.py: 0
[2013-12-26 11:44:46] EDIT myblog/views/default/show.html: 3
[2013-12-26 11:47:03] EDIT myblog/controllers/default.py: 1
[2013-12-26 11:47:30] EDIT myblog/views/default/show.html: 2
[2013-12-26 11:47:32] EDIT myblog/views/default/show.html: 0
[2013-12-26 11:48:04] EDIT myblog/controllers/default.py: 0
[2013-12-26 11:48:46] EDIT myblog/controllers/default.py: 0
[2013-12-26 11:48:49] EDIT myblog/controllers/default.py: 0
[2013-12-26 11:49:04] EDIT myblog/controllers/default.py: 0
[2013-12-26 11:49:11] EDIT myblog/controllers/default.py: 0
[2013-12-26 12:26:11] EDIT myblog/controllers/default.py: 0
[2013-12-26 12:26:13] EDIT myblog/controllers/default.py: 0
[2013-12-26 12:26:15] EDIT myblog/controllers/default.py: 0
[2013-12-26 12:26:37] EDIT myblog/controllers/default.py: 0
[2013-12-26 12:26:39] EDIT myblog/controllers/default.py: 0
[2013-12-26 12:27:11] EDIT myblog/controllers/default.py: 0
[2013-12-26 12:27:21] EDIT myblog/controllers/default.py: 0
[2013-12-26 12:27:23] EDIT myblog/controllers/default.py: 0
[2013-12-26 12:28:11] EDIT myblog/controllers/default.py: 0
[2013-12-26 12:28:21] EDIT myblog/controllers/default.py: -1
[2013-12-26 12:28:43] EDIT myblog/views/default/show.html: -1
[2013-12-26 12:31:02] EDIT myblog/views/default/newComment.html: 2
[2013-12-26 12:32:05] EDIT myblog/models/db.py: -1
[2013-12-26 12:32:07] EDIT myblog/models/db.py: 0
[2013-12-26 12:35:06] EDIT myblog/views/default/show.html: 0
[2013-12-26 12:35:16] EDIT myblog/views/default/show.html: 0
[2013-12-26 12:35:33] EDIT myblog/views/default/show.html: 0
[2013-12-26 12:36:01] EDIT myblog/views/default/show.html: 0
[2013-12-26 12:36:27] EDIT myblog/views/default/show.html: 0
[2013-12-26 12:37:33] EDIT myblog/views/default/show.html: 0
[2013-12-26 12:37:34] EDIT myblog/views/default/show.html: 0
[2013-12-26 12:38:08] EDIT myblog/views/default/show.html: -3
[2013-12-26 12:38:39] EDIT myblog/views/default/show.html: 4
[2013-12-26 12:40:51] EDIT myblog/controllers/default.py: 0
[2013-12-26 14:16:15] EDIT myblog/models/db.py: 1
[2013-12-26 14:16:24] EDIT myblog/models/db.py: 0
[2013-12-26 14:16:36] EDIT myblog/models/db.py: 0
[2013-12-26 14:17:28] EDIT myblog/models/db.py: -1
[2013-12-26 14:40:59] EDIT myblog/controllers/default.py: 0
[2013-12-26 14:42:14] EDIT myblog/controllers/default.py: 1
[2013-12-26 14:43:15] EDIT myblog/controllers/default.py: 1
[2013-12-26 14:43:58] EDIT myblog/controllers/default.py: 4
[2013-12-26 14:44:14] EDIT myblog/controllers/default.py: 0
[2013-12-26 14:45:58] EDIT myblog/controllers/default.py: 0
[2013-12-26 14:47:18] EDIT myblog/controllers/default.py: 0
[2013-12-26 14:47:20] EDIT myblog/controllers/default.py: 0
[2013-12-26 14:51:34] EDIT myblog/views/default/newComment.html: -1
[2013-12-26 14:52:14] EDIT myblog/controllers/default.py: 0
[2013-12-26 14:53:02] EDIT myblog/controllers/default.py: 0
[2013-12-26 14:53:07] EDIT myblog/controllers/default.py: 0
[2013-12-26 14:53:58] EDIT myblog/controllers/default.py: 0
[2013-12-26 14:54:01] EDIT myblog/controllers/default.py: 0
[2013-12-26 14:55:19] EDIT myblog/views/layout.html: 0
[2013-12-26 14:55:51] EDIT myblog/views/layout.html: -1
[2013-12-26 14:55:57] EDIT myblog/views/layout.html: 0
[2013-12-26 14:56:04] EDIT myblog/views/layout.html: 0
[2013-12-26 14:57:48] EDIT myblog/views/layout.html: 0
[2013-12-26 14:57:57] EDIT myblog/views/layout.html: 0
[2013-12-26 14:58:51] EDIT myblog/views/layout.html: 0
[2013-12-26 14:59:06] EDIT myblog/views/layout.html: 0
[2013-12-26 14:59:06] EDIT myblog/views/layout.html: 0
[2013-12-26 14:59:06] EDIT myblog/views/layout.html: 0
[2013-12-26 14:59:06] EDIT myblog/views/layout.html: 0
[2013-12-26 14:59:07] EDIT myblog/views/layout.html: 0
[2013-12-26 14:59:07] EDIT myblog/views/layout.html: 0
[2013-12-26 14:59:07] EDIT myblog/views/layout.html: 0
[2013-12-26 14:59:55] EDIT myblog/views/layout.html: 0
[2013-12-26 15:00:24] EDIT myblog/views/layout.html: 0
